[2024-04-04 05:48:43] [INFO ] [AppInvasoresFx: 52] --------------------------------------------------------------------------------
[2024-04-04 05:48:45] [DEBUG] [GameManager: 52] start level=1
[2024-04-04 05:49:08] [DEBUG] [GameManager: 62] nextLevel level=2
[2024-04-04 05:49:20] [DEBUG] [GameManager: 62] nextLevel level=3
[2024-04-04 05:49:20] [DEBUG] [EnemyShipDiagonal: 11] EnemyShipDiagonal N=3
[2024-04-04 05:49:20] [DEBUG] [EnemyShipDiagonal: 11] EnemyShipDiagonal N=3
[2024-04-04 05:49:20] [DEBUG] [EnemyShipDiagonal: 11] EnemyShipDiagonal N=3
[2024-04-04 05:49:20] [DEBUG] [EnemyShipDiagonal: 11] EnemyShipDiagonal N=3
[2024-04-04 05:49:30] [DEBUG] [GameManager:201] updateGame E_APP_ONELESSLIFE enemies=0 shotsDown=4 shotsUp=5
[2024-04-04 05:49:32] [DEBUG] [GameManager: 70] sameLevel level=3
[2024-04-04 05:49:33] [DEBUG] [GameManager: 62] nextLevel level=4
[2024-04-04 05:49:41] [DEBUG] [GameManager: 62] nextLevel level=5
[2024-04-04 05:49:49] [DEBUG] [GameManager: 62] nextLevel level=6
[2024-04-04 05:49:49] [DEBUG] [EnemyShipDiagonal: 11] EnemyShipDiagonal N=3
[2024-04-04 05:49:49] [DEBUG] [EnemyShipDiagonal: 11] EnemyShipDiagonal N=3
[2024-04-04 05:49:49] [DEBUG] [EnemyShipDiagonal: 11] EnemyShipDiagonal N=3
[2024-04-04 05:49:49] [DEBUG] [EnemyShipDiagonal: 11] EnemyShipDiagonal N=3
[2024-04-04 05:49:57] [DEBUG] [GameManager: 62] nextLevel level=7
[2024-04-04 05:50:08] [DEBUG] [GameManager: 62] nextLevel level=8
[2024-04-04 05:50:14] [DEBUG] [GameManager: 62] nextLevel level=9
[2024-04-04 05:50:14] [DEBUG] [EnemyShipDiagonal: 11] EnemyShipDiagonal N=3
[2024-04-04 05:50:14] [DEBUG] [EnemyShipDiagonal: 11] EnemyShipDiagonal N=3
[2024-04-04 05:50:14] [DEBUG] [EnemyShipDiagonal: 11] EnemyShipDiagonal N=3
[2024-04-04 05:50:14] [DEBUG] [EnemyShipDiagonal: 11] EnemyShipDiagonal N=3
[2024-04-04 05:50:22] [DEBUG] [GameManager: 62] nextLevel level=10
[2024-04-04 05:50:40] [DEBUG] [GameManager: 62] nextLevel level=11
[2024-04-04 05:50:53] [DEBUG] [GameManager: 62] nextLevel level=12
[2024-04-04 05:50:53] [DEBUG] [EnemyShipDiagonal: 11] EnemyShipDiagonal N=3
[2024-04-04 05:50:53] [DEBUG] [EnemyShipDiagonal: 11] EnemyShipDiagonal N=3
[2024-04-04 05:50:53] [DEBUG] [EnemyShipDiagonal: 11] EnemyShipDiagonal N=3
[2024-04-04 05:50:53] [DEBUG] [EnemyShipDiagonal: 11] EnemyShipDiagonal N=3
[2024-04-04 05:51:05] [DEBUG] [GameManager: 62] nextLevel level=13
[2024-04-04 05:51:14] [DEBUG] [GameManager: 62] nextLevel level=14
[2024-04-04 05:51:25] [DEBUG] [GameManager: 62] nextLevel level=15
[2024-04-04 05:51:25] [DEBUG] [EnemyShipDiagonal: 11] EnemyShipDiagonal N=3
[2024-04-04 05:51:25] [DEBUG] [EnemyShipDiagonal: 11] EnemyShipDiagonal N=3
[2024-04-04 05:51:25] [DEBUG] [EnemyShipDiagonal: 11] EnemyShipDiagonal N=3
[2024-04-04 05:51:25] [DEBUG] [EnemyShipDiagonal: 11] EnemyShipDiagonal N=3
[2024-04-04 05:51:36] [DEBUG] [GameManager: 62] nextLevel level=16
[2024-04-04 06:03:38] [INFO ] [AppInvasoresFx: 52] --------------------------------------------------------------------------------
[2024-04-04 06:03:39] [DEBUG] [GameManager: 52] start level=1
[2024-04-04 06:03:50] [DEBUG] [GameManager: 62] nextLevel level=2
[2024-04-04 06:04:03] [DEBUG] [GameManager: 62] nextLevel level=3
[2024-04-04 06:04:03] [DEBUG] [EnemyShipDiagonal: 11] EnemyShipDiagonal N=3
[2024-04-04 06:04:03] [DEBUG] [EnemyShipDiagonal: 11] EnemyShipDiagonal N=3
[2024-04-04 06:04:03] [DEBUG] [EnemyShipDiagonal: 11] EnemyShipDiagonal N=3
[2024-04-04 06:04:03] [DEBUG] [EnemyShipDiagonal: 11] EnemyShipDiagonal N=3
[2024-04-04 06:04:11] [DEBUG] [GameManager: 62] nextLevel level=4
[2024-04-04 06:04:11] [DEBUG] [EnemyShipDiagonal: 11] EnemyShipDiagonal N=3
[2024-04-04 06:04:11] [DEBUG] [EnemyShipDiagonal: 11] EnemyShipDiagonal N=3
[2024-04-04 06:04:11] [DEBUG] [EnemyShipDiagonal: 11] EnemyShipDiagonal N=3
[2024-04-04 06:04:11] [DEBUG] [EnemyShipDiagonal: 11] EnemyShipDiagonal N=3
[2024-04-04 06:04:11] [DEBUG] [EnemyShipDiagonal: 11] EnemyShipDiagonal N=3
[2024-04-04 06:04:11] [DEBUG] [EnemyShipDiagonal: 11] EnemyShipDiagonal N=3
[2024-04-04 06:04:11] [DEBUG] [EnemyShipDiagonal: 11] EnemyShipDiagonal N=3
[2024-04-04 06:04:11] [DEBUG] [EnemyShipDiagonal: 11] EnemyShipDiagonal N=3
[2024-04-04 06:04:33] [DEBUG] [GameManager: 62] nextLevel level=5
[2024-04-04 06:04:42] [DEBUG] [GameManager: 62] nextLevel level=6
[2024-04-04 06:04:50] [DEBUG] [GameManager:201] updateGame E_APP_ONELESSLIFE enemies=2 shotsDown=9 shotsUp=8
[2024-04-04 06:04:50] [DEBUG] [GameManager: 70] sameLevel level=6
[2024-04-04 06:04:54] [DEBUG] [GameManager: 62] nextLevel level=7
[2024-04-04 06:04:54] [DEBUG] [EnemyShipDiagonal: 11] EnemyShipDiagonal N=3
[2024-04-04 06:04:54] [DEBUG] [EnemyShipDiagonal: 11] EnemyShipDiagonal N=3
[2024-04-04 06:04:54] [DEBUG] [EnemyShipDiagonal: 11] EnemyShipDiagonal N=3
[2024-04-04 06:04:54] [DEBUG] [EnemyShipDiagonal: 11] EnemyShipDiagonal N=3
[2024-04-04 06:05:03] [DEBUG] [GameManager: 62] nextLevel level=8
[2024-04-04 06:05:03] [DEBUG] [EnemyShipDiagonal: 11] EnemyShipDiagonal N=3
[2024-04-04 06:05:03] [DEBUG] [EnemyShipDiagonal: 11] EnemyShipDiagonal N=3
[2024-04-04 06:05:03] [DEBUG] [EnemyShipDiagonal: 11] EnemyShipDiagonal N=3
[2024-04-04 06:05:03] [DEBUG] [EnemyShipDiagonal: 11] EnemyShipDiagonal N=3
[2024-04-04 06:05:03] [DEBUG] [EnemyShipDiagonal: 11] EnemyShipDiagonal N=3
[2024-04-04 06:05:03] [DEBUG] [EnemyShipDiagonal: 11] EnemyShipDiagonal N=3
[2024-04-04 06:05:03] [DEBUG] [EnemyShipDiagonal: 11] EnemyShipDiagonal N=3
[2024-04-04 06:05:03] [DEBUG] [EnemyShipDiagonal: 11] EnemyShipDiagonal N=3
[2024-04-04 06:05:09] [DEBUG] [GameManager:201] updateGame E_APP_ONELESSLIFE enemies=5 shotsDown=10 shotsUp=10
[2024-04-04 06:05:09] [DEBUG] [GameManager: 70] sameLevel level=8
[2024-04-04 06:05:16] [DEBUG] [GameManager: 62] nextLevel level=9
[2024-04-04 06:05:29] [DEBUG] [GameManager: 62] nextLevel level=10
[2024-04-04 06:05:41] [DEBUG] [GameManager: 62] nextLevel level=11
[2024-04-04 06:05:41] [DEBUG] [EnemyShipDiagonal: 11] EnemyShipDiagonal N=3
[2024-04-04 06:05:41] [DEBUG] [EnemyShipDiagonal: 11] EnemyShipDiagonal N=3
[2024-04-04 06:05:41] [DEBUG] [EnemyShipDiagonal: 11] EnemyShipDiagonal N=3
[2024-04-04 06:05:41] [DEBUG] [EnemyShipDiagonal: 11] EnemyShipDiagonal N=3
[2024-04-04 06:05:50] [DEBUG] [GameManager: 62] nextLevel level=12
[2024-04-04 06:05:50] [DEBUG] [EnemyShipDiagonal: 11] EnemyShipDiagonal N=3
[2024-04-04 06:05:50] [DEBUG] [EnemyShipDiagonal: 11] EnemyShipDiagonal N=3
[2024-04-04 06:05:50] [DEBUG] [EnemyShipDiagonal: 11] EnemyShipDiagonal N=3
[2024-04-04 06:05:50] [DEBUG] [EnemyShipDiagonal: 11] EnemyShipDiagonal N=3
[2024-04-04 06:05:50] [DEBUG] [EnemyShipDiagonal: 11] EnemyShipDiagonal N=3
[2024-04-04 06:05:50] [DEBUG] [EnemyShipDiagonal: 11] EnemyShipDiagonal N=3
[2024-04-04 06:05:50] [DEBUG] [EnemyShipDiagonal: 11] EnemyShipDiagonal N=3
[2024-04-04 06:05:50] [DEBUG] [EnemyShipDiagonal: 11] EnemyShipDiagonal N=3
[2024-04-04 06:06:01] [DEBUG] [GameManager: 62] nextLevel level=13
[2024-04-04 06:20:51] [INFO ] [AppInvasoresFx: 52] --------------------------------------------------------------------------------
[2024-04-04 06:20:55] [DEBUG] [GameManager: 52] start level=1
[2024-04-04 06:21:07] [DEBUG] [GameManager: 62] nextLevel level=2
[2024-04-04 06:21:17] [DEBUG] [GameManager: 62] nextLevel level=3
[2024-04-04 06:21:17] [DEBUG] [EnemyShipDiagonal: 11] EnemyShipDiagonal N=3
[2024-04-04 06:21:17] [DEBUG] [EnemyShipDiagonal: 11] EnemyShipDiagonal N=3
[2024-04-04 06:21:17] [DEBUG] [EnemyShipDiagonal: 11] EnemyShipDiagonal N=3
[2024-04-04 06:21:17] [DEBUG] [EnemyShipDiagonal: 11] EnemyShipDiagonal N=3
[2024-04-04 06:21:24] [DEBUG] [GameManager: 62] nextLevel level=4
[2024-04-04 06:21:24] [DEBUG] [EnemyShipDiagonal: 11] EnemyShipDiagonal N=3
[2024-04-04 06:21:24] [DEBUG] [EnemyShipDiagonal: 11] EnemyShipDiagonal N=3
[2024-04-04 06:21:40] [DEBUG] [GameManager: 62] nextLevel level=5
[2024-04-04 06:21:55] [DEBUG] [GameManager: 62] nextLevel level=6
[2024-04-04 06:22:02] [DEBUG] [GameManager: 62] nextLevel level=7
[2024-04-04 06:22:02] [DEBUG] [EnemyShipDiagonal: 11] EnemyShipDiagonal N=3
[2024-04-04 06:22:02] [DEBUG] [EnemyShipDiagonal: 11] EnemyShipDiagonal N=3
[2024-04-04 06:22:02] [DEBUG] [EnemyShipDiagonal: 11] EnemyShipDiagonal N=3
[2024-04-04 06:22:02] [DEBUG] [EnemyShipDiagonal: 11] EnemyShipDiagonal N=3
[2024-04-04 06:22:09] [DEBUG] [GameManager: 62] nextLevel level=8
[2024-04-04 06:22:09] [DEBUG] [EnemyShipDiagonal: 11] EnemyShipDiagonal N=3
[2024-04-04 06:22:09] [DEBUG] [EnemyShipDiagonal: 11] EnemyShipDiagonal N=3
[2024-04-04 06:22:22] [DEBUG] [GameManager:201] updateGame E_APP_ONELESSLIFE enemies=4 shotsDown=4 shotsUp=12
[2024-04-04 06:22:22] [DEBUG] [GameManager: 70] sameLevel level=8
[2024-04-04 06:22:34] [DEBUG] [GameManager: 62] nextLevel level=9
[2024-04-04 06:26:25] [INFO ] [AppInvasoresFx: 52] --------------------------------------------------------------------------------
[2024-04-04 06:26:26] [DEBUG] [GameManager: 52] start level=1
[2024-04-04 06:26:43] [DEBUG] [GameManager: 62] nextLevel level=2
[2024-04-04 06:26:56] [DEBUG] [GameManager: 62] nextLevel level=3
[2024-04-04 06:26:56] [DEBUG] [EnemyShipDiagonal: 11] EnemyShipDiagonal N=3
[2024-04-04 06:26:56] [DEBUG] [EnemyShipDiagonal: 11] EnemyShipDiagonal N=3
[2024-04-04 06:26:56] [DEBUG] [EnemyShipDiagonal: 11] EnemyShipDiagonal N=3
[2024-04-04 06:26:56] [DEBUG] [EnemyShipDiagonal: 11] EnemyShipDiagonal N=3
[2024-04-04 06:27:04] [DEBUG] [GameManager: 62] nextLevel level=4
[2024-04-04 06:27:04] [DEBUG] [EnemyShipDiagonal: 11] EnemyShipDiagonal N=3
[2024-04-04 06:27:04] [DEBUG] [EnemyShipDiagonal: 11] EnemyShipDiagonal N=3
[2024-04-04 06:27:19] [DEBUG] [GameManager: 62] nextLevel level=5
[2024-04-04 06:28:18] [INFO ] [AppInvasoresFx: 52] --------------------------------------------------------------------------------
[2024-04-04 06:28:20] [DEBUG] [GameManager: 52] start level=1
[2024-04-04 06:28:32] [DEBUG] [GameManager: 62] nextLevel level=2
[2024-04-04 06:28:40] [DEBUG] [GameManager: 62] nextLevel level=3
[2024-04-04 06:28:40] [DEBUG] [EnemyShipDiagonal: 11] EnemyShipDiagonal N=3
[2024-04-04 06:28:40] [DEBUG] [EnemyShipDiagonal: 11] EnemyShipDiagonal N=3
[2024-04-04 06:28:40] [DEBUG] [EnemyShipDiagonal: 11] EnemyShipDiagonal N=3
[2024-04-04 06:28:40] [DEBUG] [EnemyShipDiagonal: 11] EnemyShipDiagonal N=3
[2024-04-04 06:28:51] [DEBUG] [GameManager: 62] nextLevel level=4
[2024-04-04 06:28:51] [DEBUG] [EnemyShipDiagonal: 11] EnemyShipDiagonal N=3
[2024-04-04 06:28:51] [DEBUG] [EnemyShipDiagonal: 11] EnemyShipDiagonal N=3
[2024-04-04 06:29:00] [DEBUG] [GameManager: 62] nextLevel level=5
[2024-04-04 06:29:11] [DEBUG] [GameManager: 62] nextLevel level=6
[2024-04-04 06:29:21] [DEBUG] [GameManager: 62] nextLevel level=7
[2024-04-04 06:29:21] [DEBUG] [EnemyShipDiagonal: 11] EnemyShipDiagonal N=3
[2024-04-04 06:29:21] [DEBUG] [EnemyShipDiagonal: 11] EnemyShipDiagonal N=3
[2024-04-04 06:29:21] [DEBUG] [EnemyShipDiagonal: 11] EnemyShipDiagonal N=3
[2024-04-04 06:29:21] [DEBUG] [EnemyShipDiagonal: 11] EnemyShipDiagonal N=3
[2024-04-04 06:29:33] [DEBUG] [GameManager: 62] nextLevel level=8
[2024-04-04 06:29:33] [DEBUG] [EnemyShipDiagonal: 11] EnemyShipDiagonal N=3
[2024-04-04 06:29:33] [DEBUG] [EnemyShipDiagonal: 11] EnemyShipDiagonal N=3
[2024-04-04 06:29:56] [DEBUG] [GameManager:201] updateGame E_APP_ONELESSLIFE enemies=2 shotsDown=6 shotsUp=5
[2024-04-04 06:29:56] [DEBUG] [GameManager: 70] sameLevel level=8
[2024-04-04 06:30:05] [DEBUG] [GameManager: 62] nextLevel level=9
[2024-04-04 06:33:03] [INFO ] [AppInvasoresFx: 52] --------------------------------------------------------------------------------
[2024-04-04 06:33:03] [DEBUG] [GameManager: 52] start level=1
[2024-04-04 06:33:30] [INFO ] [AppInvasoresFx: 52] --------------------------------------------------------------------------------
[2024-04-04 06:33:31] [DEBUG] [GameManager: 52] start level=1
[2024-04-04 06:33:54] [INFO ] [AppInvasoresFx: 52] --------------------------------------------------------------------------------
[2024-04-04 06:33:54] [DEBUG] [GameManager: 52] start level=1
[2024-04-04 06:34:07] [INFO ] [AppInvasoresFx: 52] --------------------------------------------------------------------------------
[2024-04-04 06:34:08] [DEBUG] [GameManager: 52] start level=1
[2024-04-04 06:35:36] [INFO ] [AppInvasoresFx: 52] --------------------------------------------------------------------------------
[2024-04-04 06:35:37] [DEBUG] [GameManager: 52] start level=1
[2024-04-04 06:35:49] [DEBUG] [GameManager: 62] nextLevel level=2
[2024-04-04 06:36:05] [DEBUG] [GameManager: 62] nextLevel level=3
[2024-04-04 06:36:05] [DEBUG] [EnemyShipDiagonal: 11] EnemyShipDiagonal N=3
[2024-04-04 06:36:05] [DEBUG] [EnemyShipDiagonal: 11] EnemyShipDiagonal N=3
[2024-04-04 06:36:05] [DEBUG] [EnemyShipDiagonal: 11] EnemyShipDiagonal N=3
[2024-04-04 06:36:05] [DEBUG] [EnemyShipDiagonal: 11] EnemyShipDiagonal N=3
[2024-04-04 06:36:14] [DEBUG] [GameManager: 62] nextLevel level=4
[2024-04-04 06:36:14] [DEBUG] [EnemyShipDiagonal: 11] EnemyShipDiagonal N=3
[2024-04-04 06:36:14] [DEBUG] [EnemyShipDiagonal: 11] EnemyShipDiagonal N=3
[2024-04-04 06:52:12] [INFO ] [AppInvasoresFx: 52] --------------------------------------------------------------------------------
[2024-04-04 06:52:50] [INFO ] [AppInvasoresFx: 52] --------------------------------------------------------------------------------
[2024-04-04 06:52:52] [DEBUG] [GameManager: 52] start level=1
[2024-04-04 06:52:52] [DEBUG] [EnemyShipDiagonal: 11] EnemyShipDiagonal N=3
[2024-04-04 06:52:52] [DEBUG] [EnemyShipDiagonal: 11] EnemyShipDiagonal N=3
[2024-04-04 06:52:57] [DEBUG] [GameManager:201] updateGame E_APP_ONELESSLIFE enemies=10 shotsDown=5 shotsUp=5
[2024-04-04 06:52:59] [DEBUG] [GameManager: 70] sameLevel level=1
[2024-04-04 06:53:00] [DEBUG] [GameManager:201] updateGame E_APP_ONELESSLIFE enemies=10 shotsDown=0 shotsUp=0
[2024-04-04 06:53:00] [DEBUG] [GameManager: 70] sameLevel level=1
[2024-04-04 06:53:02] [DEBUG] [GameManager:199] updateGame E_APP_LOST enemies=10 shotsDown=1 shotsUp=1
[2024-04-04 06:53:04] [DEBUG] [GameManager: 52] start level=1
[2024-04-04 06:53:04] [DEBUG] [EnemyShipDiagonal: 11] EnemyShipDiagonal N=3
[2024-04-04 06:53:04] [DEBUG] [EnemyShipDiagonal: 11] EnemyShipDiagonal N=3
[2024-04-04 06:53:08] [DEBUG] [GameManager:201] updateGame E_APP_ONELESSLIFE enemies=7 shotsDown=6 shotsUp=6
[2024-04-04 06:53:10] [DEBUG] [GameManager: 70] sameLevel level=1
[2024-04-04 06:53:21] [DEBUG] [GameManager:201] updateGame E_APP_ONELESSLIFE enemies=1 shotsDown=6 shotsUp=6
[2024-04-04 06:53:22] [DEBUG] [GameManager: 70] sameLevel level=1
[2024-04-04 06:53:28] [DEBUG] [GameManager: 62] nextLevel level=2
[2024-04-04 06:53:31] [INFO ] [AppInvasoresFx: 81] ESC
[2024-04-04 06:53:34] [INFO ] [AppInvasoresFx: 52] --------------------------------------------------------------------------------
[2024-04-04 06:53:35] [DEBUG] [GameManager: 52] start level=1
[2024-04-04 06:53:35] [DEBUG] [EnemyShipDiagonal: 11] EnemyShipDiagonal N=3
[2024-04-04 06:53:35] [DEBUG] [EnemyShipDiagonal: 11] EnemyShipDiagonal N=3
[2024-04-04 06:53:40] [DEBUG] [GameManager:201] updateGame E_APP_ONELESSLIFE enemies=10 shotsDown=2 shotsUp=2
[2024-04-04 06:53:40] [DEBUG] [GameManager: 70] sameLevel level=1
[2024-04-04 06:53:44] [DEBUG] [GameManager:201] updateGame E_APP_ONELESSLIFE enemies=9 shotsDown=0 shotsUp=0
[2024-04-04 06:53:45] [DEBUG] [GameManager: 70] sameLevel level=1
[2024-04-04 06:53:56] [DEBUG] [GameManager: 62] nextLevel level=2
[2024-04-04 06:54:11] [DEBUG] [GameManager: 62] nextLevel level=3
[2024-04-04 06:54:11] [DEBUG] [EnemyShipDiagonal: 11] EnemyShipDiagonal N=3
[2024-04-04 06:54:11] [DEBUG] [EnemyShipDiagonal: 11] EnemyShipDiagonal N=3
[2024-04-04 06:54:11] [DEBUG] [EnemyShipDiagonal: 11] EnemyShipDiagonal N=3
[2024-04-04 06:54:11] [DEBUG] [EnemyShipDiagonal: 11] EnemyShipDiagonal N=3
[2024-04-04 06:54:18] [DEBUG] [GameManager:199] updateGame E_APP_LOST enemies=4 shotsDown=4 shotsUp=4
[2024-04-04 06:56:16] [INFO ] [AppInvasoresFx: 52] --------------------------------------------------------------------------------
[2024-04-04 06:56:17] [DEBUG] [GameManager: 52] start level=1
[2024-04-04 06:56:53] [INFO ] [AppInvasoresFx: 52] --------------------------------------------------------------------------------
[2024-04-04 06:56:53] [DEBUG] [GameManager: 52] start level=1
[2024-04-04 06:57:17] [INFO ] [AppInvasoresFx: 52] --------------------------------------------------------------------------------
[2024-04-04 06:57:18] [DEBUG] [GameManager: 52] start level=1
[2024-04-04 06:57:43] [INFO ] [AppInvasoresFx: 52] --------------------------------------------------------------------------------
[2024-04-04 06:57:45] [DEBUG] [GameManager: 52] start level=1
[2024-04-04 06:58:15] [INFO ] [AppInvasoresFx: 52] --------------------------------------------------------------------------------
[2024-04-04 06:58:16] [DEBUG] [GameManager: 52] start level=1
[2024-04-04 06:58:37] [INFO ] [AppInvasoresFx: 52] --------------------------------------------------------------------------------
[2024-04-04 06:58:37] [DEBUG] [GameManager: 52] start level=1
[2024-04-04 06:58:46] [DEBUG] [GameManager: 62] nextLevel level=2
[2024-04-04 06:58:58] [INFO ] [AppInvasoresFx: 52] --------------------------------------------------------------------------------
[2024-04-04 06:58:59] [DEBUG] [GameManager: 52] start level=1
[2024-04-04 06:59:32] [INFO ] [AppInvasoresFx: 52] --------------------------------------------------------------------------------
[2024-04-04 06:59:34] [DEBUG] [GameManager: 52] start level=1
[2024-04-04 06:59:46] [INFO ] [AppInvasoresFx: 52] --------------------------------------------------------------------------------
[2024-04-04 06:59:47] [DEBUG] [GameManager: 52] start level=1
[2024-04-04 07:00:08] [INFO ] [AppInvasoresFx: 52] --------------------------------------------------------------------------------
[2024-04-04 07:00:11] [DEBUG] [GameManager: 52] start level=1
[2024-04-04 07:00:26] [INFO ] [AppInvasoresFx: 52] --------------------------------------------------------------------------------
[2024-04-04 07:00:27] [DEBUG] [GameManager: 52] start level=1
[2024-04-04 07:00:27] [DEBUG] [EnemyShipDiagonal: 11] EnemyShipDiagonal N=3
[2024-04-04 07:00:28] [DEBUG] [GameManager: 62] nextLevel level=2
[2024-04-04 07:00:45] [INFO ] [AppInvasoresFx: 52] --------------------------------------------------------------------------------
[2024-04-04 07:00:46] [DEBUG] [GameManager: 52] start level=1
[2024-04-04 07:00:46] [DEBUG] [EnemyShipDiagonal: 11] EnemyShipDiagonal N=3
[2024-04-04 07:01:23] [INFO ] [AppInvasoresFx: 52] --------------------------------------------------------------------------------
[2024-04-04 07:01:24] [DEBUG] [GameManager: 52] start level=1
[2024-04-04 07:01:40] [INFO ] [AppInvasoresFx: 52] --------------------------------------------------------------------------------
[2024-04-04 07:01:41] [DEBUG] [GameManager: 52] start level=1
[2024-04-04 07:01:50] [DEBUG] [GameManager: 62] nextLevel level=2
[2024-04-04 07:02:41] [INFO ] [AppInvasoresFx: 52] --------------------------------------------------------------------------------
[2024-04-04 07:02:42] [DEBUG] [GameManager: 52] start level=1
[2024-04-04 07:02:54] [INFO ] [AppInvasoresFx: 52] --------------------------------------------------------------------------------
[2024-04-04 07:02:54] [DEBUG] [GameManager: 52] start level=1
[2024-04-04 07:03:13] [INFO ] [AppInvasoresFx: 52] --------------------------------------------------------------------------------
[2024-04-04 07:03:14] [DEBUG] [GameManager: 52] start level=1
[2024-04-04 07:03:50] [INFO ] [AppInvasoresFx: 52] --------------------------------------------------------------------------------
[2024-04-04 07:03:50] [DEBUG] [GameManager: 52] start level=1
[2024-04-04 07:03:50] [DEBUG] [EnemyShipDiagonal: 11] EnemyShipDiagonal N=3
[2024-04-04 07:04:16] [INFO ] [AppInvasoresFx: 52] --------------------------------------------------------------------------------
[2024-04-04 07:04:18] [DEBUG] [GameManager: 52] start level=1
[2024-04-04 07:04:45] [INFO ] [AppInvasoresFx: 52] --------------------------------------------------------------------------------
[2024-04-04 07:04:46] [DEBUG] [GameManager: 52] start level=1
[2024-04-04 07:04:52] [DEBUG] [GameManager:201] updateGame E_APP_ONELESSLIFE enemies=1 shotsDown=0 shotsUp=0
[2024-04-04 07:05:03] [INFO ] [AppInvasoresFx: 52] --------------------------------------------------------------------------------
[2024-04-04 07:05:04] [DEBUG] [GameManager: 52] start level=1
[2024-04-04 07:05:10] [DEBUG] [GameManager:201] updateGame E_APP_ONELESSLIFE enemies=1 shotsDown=0 shotsUp=0
[2024-04-04 07:05:37] [INFO ] [AppInvasoresFx: 52] --------------------------------------------------------------------------------
[2024-04-04 07:05:38] [DEBUG] [GameManager: 52] start level=1
[2024-04-04 07:06:03] [INFO ] [AppInvasoresFx: 52] --------------------------------------------------------------------------------
[2024-04-04 07:06:05] [DEBUG] [GameManager: 52] start level=1
[2024-04-04 07:06:08] [DEBUG] [GameManager: 62] nextLevel level=2
[2024-04-04 07:06:17] [DEBUG] [GameManager: 62] nextLevel level=3
[2024-04-04 07:06:17] [DEBUG] [EnemyShipDiagonal: 11] EnemyShipDiagonal N=3
[2024-04-04 07:06:17] [DEBUG] [EnemyShipDiagonal: 11] EnemyShipDiagonal N=3
[2024-04-04 07:06:17] [DEBUG] [EnemyShipDiagonal: 11] EnemyShipDiagonal N=3
[2024-04-04 07:06:17] [DEBUG] [EnemyShipDiagonal: 11] EnemyShipDiagonal N=3
[2024-04-04 07:06:26] [DEBUG] [GameManager: 62] nextLevel level=4
[2024-04-04 07:06:26] [DEBUG] [EnemyShipDiagonal: 11] EnemyShipDiagonal N=3
[2024-04-04 07:06:26] [DEBUG] [EnemyShipDiagonal: 11] EnemyShipDiagonal N=3
[2024-04-04 07:06:29] [DEBUG] [GameManager:201] updateGame E_APP_ONELESSLIFE enemies=11 shotsDown=4 shotsUp=4
[2024-04-04 07:06:29] [DEBUG] [GameManager: 70] sameLevel level=4
[2024-04-06 01:22:16] [INFO ] [AppInvasoresFx: 52] --------------------------------------------------------------------------------
[2024-04-06 01:22:18] [DEBUG] [GameManager: 52] start level=1
[2024-04-06 01:22:28] [DEBUG] [GameManager: 62] nextLevel level=2
[2024-04-06 01:22:37] [INFO ] [AppInvasoresFx: 81] ESC
[2024-04-06 01:22:40] [INFO ] [AppInvasoresFx: 52] --------------------------------------------------------------------------------
[2024-04-06 01:22:47] [DEBUG] [GameManager: 52] start level=1
[2024-04-06 01:22:54] [DEBUG] [GameManager: 62] nextLevel level=2
[2024-04-06 01:23:02] [DEBUG] [GameManager:201] updateGame E_APP_ONELESSLIFE enemies=3 shotsDown=1 shotsUp=0
[2024-04-06 01:23:03] [DEBUG] [GameManager: 70] sameLevel level=2
[2024-04-06 01:48:50] [INFO ] [AppInvasoresFx: 52] --------------------------------------------------------------------------------
[2024-04-06 01:48:51] [DEBUG] [GameManager: 52] start level=1
[2024-04-06 01:48:53] [DEBUG] [GameManager: 62] nextLevel level=2
[2024-04-06 01:49:03] [DEBUG] [GameManager: 62] nextLevel level=3
[2024-04-06 01:49:03] [DEBUG] [EnemyShipDiagonal: 11] EnemyShipDiagonal N=3
[2024-04-06 01:49:03] [DEBUG] [EnemyShipDiagonal: 11] EnemyShipDiagonal N=3
[2024-04-06 01:49:03] [DEBUG] [EnemyShipDiagonal: 11] EnemyShipDiagonal N=3
[2024-04-06 01:49:03] [DEBUG] [EnemyShipDiagonal: 11] EnemyShipDiagonal N=3
[2024-04-06 01:49:12] [DEBUG] [GameManager: 62] nextLevel level=4
[2024-04-06 01:49:12] [DEBUG] [EnemyShipDiagonal: 11] EnemyShipDiagonal N=3
[2024-04-06 01:49:12] [DEBUG] [EnemyShipDiagonal: 11] EnemyShipDiagonal N=3
[2024-04-06 01:49:30] [DEBUG] [GameManager: 62] nextLevel level=5
[2024-04-06 03:31:53] [INFO ] [AppInvasoresFx: 52] --------------------------------------------------------------------------------
[2024-04-06 03:31:54] [DEBUG] [GameManager: 52] start level=1
[2024-04-06 03:31:58] [DEBUG] [GameManager: 62] nextLevel level=2
[2024-04-06 03:32:20] [INFO ] [AppInvasoresFx: 52] --------------------------------------------------------------------------------
[2024-04-06 03:32:21] [DEBUG] [GameManager: 52] start level=1
[2024-04-06 03:32:25] [DEBUG] [GameManager:201] updateGame E_APP_ONELESSLIFE enemies=0 shotsDown=1 shotsUp=3
[2024-04-06 03:32:25] [DEBUG] [GameManager: 70] sameLevel level=1
[2024-04-06 03:32:25] [DEBUG] [GameManager: 62] nextLevel level=2
[2024-04-06 03:32:38] [DEBUG] [GameManager: 62] nextLevel level=3
[2024-04-06 03:32:38] [DEBUG] [EnemyShipDiagonal: 11] EnemyShipDiagonal N=3
[2024-04-06 03:32:38] [DEBUG] [EnemyShipDiagonal: 11] EnemyShipDiagonal N=3
[2024-04-06 03:32:38] [DEBUG] [EnemyShipDiagonal: 11] EnemyShipDiagonal N=3
[2024-04-06 03:32:38] [DEBUG] [EnemyShipDiagonal: 11] EnemyShipDiagonal N=3
[2024-04-06 03:41:02] [INFO ] [AppInvasoresFx: 52] --------------------------------------------------------------------------------
[2024-04-06 03:41:03] [DEBUG] [GameManager: 52] start level=1
[2024-04-06 03:41:05] [DEBUG] [GameManager: 62] nextLevel level=2
[2024-04-06 03:41:16] [DEBUG] [GameManager: 62] nextLevel level=3
[2024-04-06 03:41:16] [DEBUG] [EnemyShipDiagonal: 11] EnemyShipDiagonal N=3
[2024-04-06 03:41:16] [DEBUG] [EnemyShipDiagonal: 11] EnemyShipDiagonal N=3
[2024-04-06 03:41:16] [DEBUG] [EnemyShipDiagonal: 11] EnemyShipDiagonal N=3
[2024-04-06 03:41:16] [DEBUG] [EnemyShipDiagonal: 11] EnemyShipDiagonal N=3
[2024-04-06 03:49:36] [INFO ] [AppInvasoresFx: 52] --------------------------------------------------------------------------------
[2024-04-06 03:49:37] [DEBUG] [GameManager: 52] start level=1
[2024-04-06 03:49:40] [DEBUG] [GameManager: 62] nextLevel level=2
[2024-04-06 03:49:45] [DEBUG] [GameManager:201] updateGame E_APP_ONELESSLIFE enemies=3 shotsDown=3 shotsUp=1
[2024-04-06 03:49:46] [DEBUG] [GameManager: 70] sameLevel level=2
[2024-04-06 03:49:59] [INFO ] [AppInvasoresFx: 52] --------------------------------------------------------------------------------
[2024-04-06 03:50:01] [DEBUG] [GameManager: 52] start level=1
[2024-04-06 03:50:04] [DEBUG] [GameManager:201] updateGame E_APP_ONELESSLIFE enemies=1 shotsDown=1 shotsUp=0
[2024-04-06 03:50:04] [DEBUG] [GameManager: 70] sameLevel level=1
[2024-04-06 03:50:06] [DEBUG] [GameManager: 62] nextLevel level=2
[2024-04-06 03:52:27] [INFO ] [AppInvasoresFx: 52] --------------------------------------------------------------------------------
[2024-04-06 03:52:28] [DEBUG] [GameManager: 52] start level=1
[2024-04-06 03:52:31] [DEBUG] [GameManager: 62] nextLevel level=2
[2024-04-06 03:53:07] [INFO ] [AppInvasoresFx: 52] --------------------------------------------------------------------------------
[2024-04-06 03:53:07] [DEBUG] [GameManager: 52] start level=1
[2024-04-06 03:53:10] [DEBUG] [GameManager: 62] nextLevel level=2
[2024-04-06 03:53:42] [INFO ] [AppInvasoresFx: 52] --------------------------------------------------------------------------------
[2024-04-06 03:53:43] [DEBUG] [GameManager: 52] start level=1
[2024-04-06 03:53:46] [DEBUG] [GameManager: 62] nextLevel level=2
[2024-04-06 03:55:18] [INFO ] [AppInvasoresFx: 52] --------------------------------------------------------------------------------
[2024-04-06 03:55:18] [INFO ] [AppInvasoresFx: 52] --------------------------------------------------------------------------------
[2024-04-06 03:55:20] [DEBUG] [GameManager: 52] start level=1
[2024-04-06 03:55:22] [DEBUG] [GameManager: 52] start level=1
[2024-04-06 03:55:24] [DEBUG] [GameManager: 62] nextLevel level=2
[2024-04-06 03:55:30] [DEBUG] [GameManager: 62] nextLevel level=3
[2024-04-06 03:55:30] [DEBUG] [EnemyShipDiagonal: 11] EnemyShipDiagonal N=3
[2024-04-06 03:55:30] [DEBUG] [EnemyShipDiagonal: 11] EnemyShipDiagonal N=3
[2024-04-06 03:55:30] [DEBUG] [EnemyShipDiagonal: 11] EnemyShipDiagonal N=3
[2024-04-06 03:55:30] [DEBUG] [EnemyShipDiagonal: 11] EnemyShipDiagonal N=3
[2024-04-06 03:55:58] [INFO ] [AppInvasoresFx: 52] --------------------------------------------------------------------------------
[2024-04-06 03:55:59] [DEBUG] [GameManager: 52] start level=1
[2024-04-06 03:56:02] [DEBUG] [GameManager: 62] nextLevel level=2
[2024-04-06 03:56:30] [INFO ] [AppInvasoresFx: 52] --------------------------------------------------------------------------------
[2024-04-06 03:56:31] [DEBUG] [GameManager: 52] start level=1
[2024-04-06 03:56:34] [DEBUG] [GameManager: 62] nextLevel level=2
[2024-04-06 04:07:32] [INFO ] [AppInvasoresFx: 52] --------------------------------------------------------------------------------
[2024-04-06 04:07:33] [DEBUG] [GameManager: 52] start level=1
[2024-04-06 04:07:38] [DEBUG] [GameManager:201] updateGame E_APP_ONELESSLIFE enemies=1 shotsDown=0 shotsUp=0
[2024-04-06 04:07:50] [INFO ] [AppInvasoresFx: 52] --------------------------------------------------------------------------------
[2024-04-06 04:07:51] [DEBUG] [GameManager: 52] start level=1
[2024-04-06 04:08:24] [INFO ] [AppInvasoresFx: 52] --------------------------------------------------------------------------------
[2024-04-06 04:08:25] [DEBUG] [GameManager: 52] start level=1
[2024-04-06 04:08:28] [DEBUG] [GameManager:201] updateGame E_APP_ONELESSLIFE enemies=1 shotsDown=0 shotsUp=0
[2024-04-06 04:08:29] [DEBUG] [GameManager: 70] sameLevel level=1
[2024-04-06 04:08:34] [DEBUG] [GameManager: 62] nextLevel level=2
[2024-04-06 04:13:16] [INFO ] [AppInvasoresFx: 52] --------------------------------------------------------------------------------
[2024-04-06 04:13:22] [DEBUG] [GameManager: 52] start level=1
[2024-04-06 04:13:27] [DEBUG] [GameManager: 62] nextLevel level=2
[2024-04-06 04:14:06] [INFO ] [AppInvasoresFx: 52] --------------------------------------------------------------------------------
[2024-04-06 04:14:06] [DEBUG] [GameManager: 52] start level=1
[2024-04-06 04:14:10] [DEBUG] [GameManager:201] updateGame E_APP_ONELESSLIFE enemies=0 shotsDown=1 shotsUp=2
[2024-04-06 04:14:10] [DEBUG] [GameManager: 70] sameLevel level=1
[2024-04-06 04:14:11] [DEBUG] [GameManager: 62] nextLevel level=2
[2024-04-06 04:15:35] [INFO ] [AppInvasoresFx: 52] --------------------------------------------------------------------------------
[2024-04-06 04:15:36] [DEBUG] [GameManager: 52] start level=1
[2024-04-06 04:15:40] [DEBUG] [GameManager: 62] nextLevel level=2
[2024-04-06 04:16:15] [INFO ] [AppInvasoresFx: 52] --------------------------------------------------------------------------------
[2024-04-06 04:16:16] [DEBUG] [GameManager: 52] start level=1
[2024-04-06 04:16:19] [DEBUG] [GameManager:201] updateGame E_APP_ONELESSLIFE enemies=0 shotsDown=5 shotsUp=3
[2024-04-06 04:16:20] [DEBUG] [GameManager: 70] sameLevel level=1
[2024-04-06 04:16:20] [DEBUG] [GameManager: 62] nextLevel level=2
[2024-04-06 04:19:33] [INFO ] [AppInvasoresFx: 52] --------------------------------------------------------------------------------
[2024-04-06 04:19:35] [DEBUG] [GameManager: 52] start level=1
[2024-04-06 04:19:37] [DEBUG] [GameManager: 62] nextLevel level=2
[2024-04-06 04:19:57] [INFO ] [AppInvasoresFx: 52] --------------------------------------------------------------------------------
[2024-04-06 04:19:57] [DEBUG] [GameManager: 52] start level=1
[2024-04-06 04:20:00] [DEBUG] [GameManager: 62] nextLevel level=2
[2024-04-06 04:20:03] [DEBUG] [GameManager:201] updateGame E_APP_ONELESSLIFE enemies=4 shotsDown=3 shotsUp=0
[2024-04-06 04:20:04] [DEBUG] [GameManager: 70] sameLevel level=2
[2024-04-06 04:21:04] [INFO ] [AppInvasoresFx: 52] --------------------------------------------------------------------------------
[2024-04-06 04:21:05] [DEBUG] [GameManager: 52] start level=1
[2024-04-06 04:21:08] [DEBUG] [GameManager: 62] nextLevel level=2
[2024-04-06 04:21:13] [DEBUG] [GameManager:201] updateGame E_APP_ONELESSLIFE enemies=5 shotsDown=0 shotsUp=0
[2024-04-06 04:22:43] [INFO ] [AppInvasoresFx: 52] --------------------------------------------------------------------------------
[2024-04-06 04:22:43] [DEBUG] [GameManager: 52] start level=1
[2024-04-06 04:23:06] [INFO ] [AppInvasoresFx: 52] --------------------------------------------------------------------------------
[2024-04-06 04:23:07] [DEBUG] [GameManager: 52] start level=1
[2024-04-06 04:38:55] [INFO ] [AppInvasoresFx: 52] --------------------------------------------------------------------------------
[2024-04-06 04:38:56] [DEBUG] [GameManager: 52] start level=1
[2024-04-06 04:39:01] [DEBUG] [GameManager: 62] nextLevel level=2
[2024-04-06 04:43:01] [INFO ] [AppInvasoresFx: 52] --------------------------------------------------------------------------------
[2024-04-06 04:43:02] [DEBUG] [GameManager: 52] start level=1
[2024-04-06 04:43:49] [INFO ] [AppInvasoresFx: 52] --------------------------------------------------------------------------------
[2024-04-06 04:43:50] [DEBUG] [GameManager: 52] start level=1
[2024-04-06 04:44:24] [INFO ] [AppInvasoresFx: 52] --------------------------------------------------------------------------------
[2024-04-06 04:44:25] [DEBUG] [GameManager: 52] start level=1
[2024-04-06 04:44:40] [INFO ] [AppInvasoresFx: 52] --------------------------------------------------------------------------------
[2024-04-06 04:44:41] [DEBUG] [GameManager: 52] start level=1
[2024-04-06 04:45:06] [INFO ] [AppInvasoresFx: 52] --------------------------------------------------------------------------------
[2024-04-06 04:45:07] [DEBUG] [GameManager: 52] start level=1
[2024-04-06 04:45:25] [INFO ] [AppInvasoresFx: 52] --------------------------------------------------------------------------------
[2024-04-06 04:45:26] [DEBUG] [GameManager: 52] start level=1
[2024-04-06 04:46:00] [INFO ] [AppInvasoresFx: 52] --------------------------------------------------------------------------------
[2024-04-06 04:46:01] [DEBUG] [GameManager: 52] start level=1
[2024-04-06 04:46:18] [INFO ] [AppInvasoresFx: 52] --------------------------------------------------------------------------------
[2024-04-06 04:46:20] [DEBUG] [GameManager: 52] start level=1
[2024-04-06 04:46:22] [DEBUG] [GameManager: 62] nextLevel level=2
[2024-04-06 04:49:21] [INFO ] [AppInvasoresFx: 52] --------------------------------------------------------------------------------
[2024-04-06 04:49:22] [DEBUG] [GameManager: 52] start level=1
[2024-04-06 04:51:47] [INFO ] [AppInvasoresFx: 52] --------------------------------------------------------------------------------
[2024-04-06 04:51:48] [DEBUG] [GameManager: 52] start level=1
[2024-04-06 05:35:57] [INFO ] [AppInvasoresFx: 52] --------------------------------------------------------------------------------
[2024-04-06 05:35:58] [DEBUG] [GameManager: 52] start level=1
[2024-04-06 05:36:00] [DEBUG] [GameManager: 62] nextLevel level=2
[2024-04-06 05:36:13] [DEBUG] [GameManager: 62] nextLevel level=3
[2024-04-06 05:36:13] [DEBUG] [EnemyShipDiagonal: 11] EnemyShipDiagonal N=3
[2024-04-06 05:36:13] [DEBUG] [EnemyShipDiagonal: 11] EnemyShipDiagonal N=3
[2024-04-06 05:36:13] [DEBUG] [EnemyShipDiagonal: 11] EnemyShipDiagonal N=3
[2024-04-06 05:36:13] [DEBUG] [EnemyShipDiagonal: 11] EnemyShipDiagonal N=3
[2024-04-06 05:36:41] [INFO ] [AppInvasoresFx: 52] --------------------------------------------------------------------------------
[2024-04-06 05:36:42] [DEBUG] [GameManager: 52] start level=1
[2024-04-06 05:36:44] [DEBUG] [GameManager: 62] nextLevel level=2
[2024-04-06 06:02:18] [INFO ] [AppInvasoresFx: 52] --------------------------------------------------------------------------------
[2024-04-06 06:02:20] [DEBUG] [GameManager: 53] start level=1
[2024-04-06 06:02:20] [DEBUG] [EnemyShip: 23] EnemyShip N=3
[2024-04-06 06:02:23] [DEBUG] [GameManager: 63] nextLevel level=2
[2024-04-06 06:02:23] [DEBUG] [EnemyShip: 23] EnemyShip N=3
[2024-04-06 06:02:23] [DEBUG] [EnemyShip: 23] EnemyShip N=3
[2024-04-06 06:02:23] [DEBUG] [EnemyShip: 23] EnemyShip N=3
[2024-04-06 06:02:23] [DEBUG] [EnemyShip: 23] EnemyShip N=3
[2024-04-06 06:02:23] [DEBUG] [EnemyShip: 23] EnemyShip N=3
[2024-04-06 06:02:23] [DEBUG] [EnemyShip: 23] EnemyShip N=3
[2024-04-06 06:02:23] [DEBUG] [EnemyShip: 23] EnemyShip N=3
[2024-04-06 06:02:23] [DEBUG] [EnemyShip: 23] EnemyShip N=3
[2024-04-06 06:02:23] [DEBUG] [EnemyShip: 23] EnemyShip N=1
[2024-04-06 06:02:23] [DEBUG] [EnemyShipGroup: 18] EnemyShipGroup N=4
[2024-04-06 06:02:35] [DEBUG] [GameManager: 63] nextLevel level=3
[2024-04-06 06:02:35] [DEBUG] [EnemyShip: 23] EnemyShip N=3
[2024-04-06 06:02:35] [DEBUG] [EnemyShip: 23] EnemyShip N=3
[2024-04-06 06:02:35] [DEBUG] [EnemyShip: 23] EnemyShip N=3
[2024-04-06 06:02:35] [DEBUG] [EnemyShipDiagonal: 11] EnemyShipDiagonal N=3
[2024-04-06 06:02:35] [DEBUG] [EnemyShip: 23] EnemyShip N=3
[2024-04-06 06:02:35] [DEBUG] [EnemyShipDiagonal: 11] EnemyShipDiagonal N=3
[2024-04-06 06:02:35] [DEBUG] [EnemyShip: 23] EnemyShip N=3
[2024-04-06 06:02:35] [DEBUG] [EnemyShipDiagonal: 11] EnemyShipDiagonal N=3
[2024-04-06 06:02:35] [DEBUG] [EnemyShip: 23] EnemyShip N=3
[2024-04-06 06:02:35] [DEBUG] [EnemyShipDiagonal: 11] EnemyShipDiagonal N=3
[2024-04-06 06:02:45] [DEBUG] [GameManager: 63] nextLevel level=4
[2024-04-06 06:02:45] [DEBUG] [EnemyShip: 23] EnemyShip N=3
[2024-04-06 06:02:45] [DEBUG] [EnemyShip: 23] EnemyShip N=3
[2024-04-06 06:02:45] [DEBUG] [EnemyShip: 23] EnemyShip N=3
[2024-04-06 06:02:45] [DEBUG] [EnemyShip: 23] EnemyShip N=3
[2024-04-06 06:02:45] [DEBUG] [EnemyShip: 23] EnemyShip N=3
[2024-04-06 06:02:45] [DEBUG] [EnemyShipDiagonal: 11] EnemyShipDiagonal N=3
[2024-04-06 06:02:45] [DEBUG] [EnemyShip: 23] EnemyShip N=3
[2024-04-06 06:02:45] [DEBUG] [EnemyShipDiagonal: 11] EnemyShipDiagonal N=3
[2024-04-06 06:02:45] [DEBUG] [EnemyShip: 23] EnemyShip N=3
[2024-04-06 06:02:45] [DEBUG] [EnemyShip: 23] EnemyShip N=3
[2024-04-06 06:02:45] [DEBUG] [EnemyShip: 23] EnemyShip N=3
[2024-04-06 06:02:45] [DEBUG] [EnemyShip: 23] EnemyShip N=3
[2024-04-06 06:02:45] [DEBUG] [EnemyShip: 23] EnemyShip N=3
[2024-04-06 06:02:45] [DEBUG] [EnemyShip: 23] EnemyShip N=3
[2024-04-06 06:02:45] [DEBUG] [EnemyShip: 23] EnemyShip N=3
[2024-04-06 06:02:45] [DEBUG] [EnemyShip: 23] EnemyShip N=3
[2024-04-06 06:02:45] [DEBUG] [EnemyShip: 23] EnemyShip N=3
[2024-04-06 06:02:45] [DEBUG] [EnemyShip: 23] EnemyShip N=3
[2024-04-06 06:02:54] [DEBUG] [GameManager:203] updateGame E_APP_ONELESSLIFE enemies=5 shotsDown=6 shotsUp=5
[2024-04-06 06:02:54] [DEBUG] [GameManager: 71] sameLevel level=4
[2024-04-06 06:03:03] [DEBUG] [GameManager: 63] nextLevel level=5
[2024-04-06 06:03:03] [DEBUG] [EnemyShip: 23] EnemyShip N=3
[2024-04-06 06:03:06] [DEBUG] [GameManager: 63] nextLevel level=6
[2024-04-06 06:03:06] [DEBUG] [EnemyShip: 23] EnemyShip N=3
[2024-04-06 06:03:06] [DEBUG] [EnemyShip: 23] EnemyShip N=3
[2024-04-06 06:03:06] [DEBUG] [EnemyShip: 23] EnemyShip N=3
[2024-04-06 06:03:06] [DEBUG] [EnemyShip: 23] EnemyShip N=3
[2024-04-06 06:03:06] [DEBUG] [EnemyShip: 23] EnemyShip N=3
[2024-04-06 06:03:06] [DEBUG] [EnemyShip: 23] EnemyShip N=3
[2024-04-06 06:03:06] [DEBUG] [EnemyShip: 23] EnemyShip N=3
[2024-04-06 06:03:06] [DEBUG] [EnemyShip: 23] EnemyShip N=3
[2024-04-06 06:03:06] [DEBUG] [EnemyShip: 23] EnemyShip N=1
[2024-04-06 06:03:06] [DEBUG] [EnemyShipGroup: 18] EnemyShipGroup N=4
[2024-04-06 06:03:09] [DEBUG] [GameManager:203] updateGame E_APP_ONELESSLIFE enemies=4 shotsDown=4 shotsUp=4
[2024-04-06 06:03:09] [DEBUG] [GameManager: 71] sameLevel level=6
[2024-04-06 06:03:36] [INFO ] [AppInvasoresFx: 52] --------------------------------------------------------------------------------
[2024-04-06 06:03:37] [DEBUG] [GameManager: 53] start level=1
[2024-04-06 06:03:37] [DEBUG] [EnemyShip: 23] EnemyShip N=3
[2024-04-06 06:03:40] [DEBUG] [GameManager: 63] nextLevel level=2
[2024-04-06 06:03:40] [DEBUG] [EnemyShip: 23] EnemyShip N=3
[2024-04-06 06:03:40] [DEBUG] [EnemyShip: 23] EnemyShip N=3
[2024-04-06 06:03:40] [DEBUG] [EnemyShip: 23] EnemyShip N=3
[2024-04-06 06:03:40] [DEBUG] [EnemyShip: 23] EnemyShip N=3
[2024-04-06 06:03:40] [DEBUG] [EnemyShip: 23] EnemyShip N=3
[2024-04-06 06:03:40] [DEBUG] [EnemyShip: 23] EnemyShip N=3
[2024-04-06 06:03:40] [DEBUG] [EnemyShip: 23] EnemyShip N=3
[2024-04-06 06:03:40] [DEBUG] [EnemyShip: 23] EnemyShip N=3
[2024-04-06 06:03:40] [DEBUG] [EnemyShip: 23] EnemyShip N=1
[2024-04-06 06:03:40] [DEBUG] [EnemyShipGroup: 18] EnemyShipGroup N=1
[2024-04-06 06:03:47] [DEBUG] [GameManager: 63] nextLevel level=3
[2024-04-06 06:03:47] [DEBUG] [EnemyShip: 23] EnemyShip N=3
[2024-04-06 06:03:47] [DEBUG] [EnemyShip: 23] EnemyShip N=3
[2024-04-06 06:03:47] [DEBUG] [EnemyShip: 23] EnemyShip N=3
[2024-04-06 06:03:47] [DEBUG] [EnemyShipDiagonal: 11] EnemyShipDiagonal N=3
[2024-04-06 06:03:47] [DEBUG] [EnemyShip: 23] EnemyShip N=3
[2024-04-06 06:03:47] [DEBUG] [EnemyShipDiagonal: 11] EnemyShipDiagonal N=3
[2024-04-06 06:03:47] [DEBUG] [EnemyShip: 23] EnemyShip N=3
[2024-04-06 06:03:47] [DEBUG] [EnemyShipDiagonal: 11] EnemyShipDiagonal N=3
[2024-04-06 06:03:47] [DEBUG] [EnemyShip: 23] EnemyShip N=3
[2024-04-06 06:03:47] [DEBUG] [EnemyShipDiagonal: 11] EnemyShipDiagonal N=3
[2024-04-06 06:03:53] [DEBUG] [GameManager:203] updateGame E_APP_ONELESSLIFE enemies=5 shotsDown=7 shotsUp=6
[2024-04-06 06:03:54] [DEBUG] [GameManager: 71] sameLevel level=3
[2024-04-06 06:04:00] [DEBUG] [GameManager: 63] nextLevel level=4
[2024-04-06 06:04:00] [DEBUG] [EnemyShip: 23] EnemyShip N=3
[2024-04-06 06:04:00] [DEBUG] [EnemyShip: 23] EnemyShip N=3
[2024-04-06 06:04:00] [DEBUG] [EnemyShip: 23] EnemyShip N=3
[2024-04-06 06:04:00] [DEBUG] [EnemyShip: 23] EnemyShip N=3
[2024-04-06 06:04:00] [DEBUG] [EnemyShip: 23] EnemyShip N=3
[2024-04-06 06:04:00] [DEBUG] [EnemyShipDiagonal: 11] EnemyShipDiagonal N=3
[2024-04-06 06:04:00] [DEBUG] [EnemyShip: 23] EnemyShip N=3
[2024-04-06 06:04:00] [DEBUG] [EnemyShipDiagonal: 11] EnemyShipDiagonal N=3
[2024-04-06 06:04:00] [DEBUG] [EnemyShip: 23] EnemyShip N=3
[2024-04-06 06:04:00] [DEBUG] [EnemyShip: 23] EnemyShip N=3
[2024-04-06 06:04:00] [DEBUG] [EnemyShip: 23] EnemyShip N=3
[2024-04-06 06:04:00] [DEBUG] [EnemyShip: 23] EnemyShip N=3
[2024-04-06 06:04:00] [DEBUG] [EnemyShip: 23] EnemyShip N=3
[2024-04-06 06:04:00] [DEBUG] [EnemyShip: 23] EnemyShip N=3
[2024-04-06 06:04:00] [DEBUG] [EnemyShip: 23] EnemyShip N=3
[2024-04-06 06:04:00] [DEBUG] [EnemyShip: 23] EnemyShip N=3
[2024-04-06 06:04:00] [DEBUG] [EnemyShip: 23] EnemyShip N=3
[2024-04-06 06:04:00] [DEBUG] [EnemyShip: 23] EnemyShip N=3
[2024-04-06 06:04:19] [DEBUG] [GameManager: 63] nextLevel level=5
[2024-04-06 06:04:19] [DEBUG] [EnemyShip: 23] EnemyShip N=3
[2024-04-06 06:04:22] [DEBUG] [GameManager: 63] nextLevel level=6
[2024-04-06 06:04:22] [DEBUG] [EnemyShip: 23] EnemyShip N=3
[2024-04-06 06:04:22] [DEBUG] [EnemyShip: 23] EnemyShip N=3
[2024-04-06 06:04:22] [DEBUG] [EnemyShip: 23] EnemyShip N=3
[2024-04-06 06:04:22] [DEBUG] [EnemyShip: 23] EnemyShip N=3
[2024-04-06 06:04:22] [DEBUG] [EnemyShip: 23] EnemyShip N=3
[2024-04-06 06:04:22] [DEBUG] [EnemyShip: 23] EnemyShip N=3
[2024-04-06 06:04:22] [DEBUG] [EnemyShip: 23] EnemyShip N=3
[2024-04-06 06:04:22] [DEBUG] [EnemyShip: 23] EnemyShip N=3
[2024-04-06 06:04:22] [DEBUG] [EnemyShip: 23] EnemyShip N=1
[2024-04-06 06:04:22] [DEBUG] [EnemyShipGroup: 18] EnemyShipGroup N=1
[2024-04-06 06:04:25] [DEBUG] [GameManager:203] updateGame E_APP_ONELESSLIFE enemies=3 shotsDown=6 shotsUp=7
[2024-04-06 06:04:25] [DEBUG] [GameManager: 71] sameLevel level=6
[2024-04-06 06:04:30] [DEBUG] [GameManager: 63] nextLevel level=7
[2024-04-06 06:04:30] [DEBUG] [EnemyShip: 23] EnemyShip N=3
[2024-04-06 06:04:30] [DEBUG] [EnemyShip: 23] EnemyShip N=3
[2024-04-06 06:04:30] [DEBUG] [EnemyShip: 23] EnemyShip N=3
[2024-04-06 06:04:30] [DEBUG] [EnemyShipDiagonal: 11] EnemyShipDiagonal N=3
[2024-04-06 06:04:30] [DEBUG] [EnemyShip: 23] EnemyShip N=3
[2024-04-06 06:04:30] [DEBUG] [EnemyShipDiagonal: 11] EnemyShipDiagonal N=3
[2024-04-06 06:04:30] [DEBUG] [EnemyShip: 23] EnemyShip N=3
[2024-04-06 06:04:30] [DEBUG] [EnemyShipDiagonal: 11] EnemyShipDiagonal N=3
[2024-04-06 06:04:30] [DEBUG] [EnemyShip: 23] EnemyShip N=3
[2024-04-06 06:04:30] [DEBUG] [EnemyShipDiagonal: 11] EnemyShipDiagonal N=3
[2024-04-06 06:12:05] [INFO ] [AppInvasoresFx: 52] --------------------------------------------------------------------------------
[2024-04-06 06:12:08] [DEBUG] [GameManager: 53] start level=1
[2024-04-06 06:12:08] [DEBUG] [EnemyShip: 23] EnemyShip N=3
[2024-04-06 06:12:12] [DEBUG] [GameManager:203] updateGame E_APP_ONELESSLIFE enemies=1 shotsDown=6 shotsUp=6
[2024-04-06 06:12:12] [DEBUG] [GameManager: 71] sameLevel level=1
[2024-04-06 06:12:13] [DEBUG] [GameManager:203] updateGame E_APP_ONELESSLIFE enemies=1 shotsDown=2 shotsUp=2
[2024-04-06 06:12:13] [DEBUG] [GameManager: 71] sameLevel level=1
[2024-04-06 06:12:15] [DEBUG] [GameManager: 63] nextLevel level=2
[2024-04-06 06:12:15] [DEBUG] [EnemyShip: 23] EnemyShip N=3
[2024-04-06 06:12:15] [DEBUG] [EnemyShip: 23] EnemyShip N=3
[2024-04-06 06:12:15] [DEBUG] [EnemyShip: 23] EnemyShip N=3
[2024-04-06 06:12:15] [DEBUG] [EnemyShip: 23] EnemyShip N=3
[2024-04-06 06:12:15] [DEBUG] [EnemyShip: 23] EnemyShip N=3
[2024-04-06 06:12:15] [DEBUG] [EnemyShip: 23] EnemyShip N=3
[2024-04-06 06:12:15] [DEBUG] [EnemyShip: 23] EnemyShip N=3
[2024-04-06 06:12:15] [DEBUG] [EnemyShip: 23] EnemyShip N=3
[2024-04-06 06:12:15] [DEBUG] [EnemyShip: 23] EnemyShip N=1
[2024-04-06 06:12:15] [DEBUG] [EnemyShipGroup: 18] EnemyShipGroup N=1
[2024-04-06 06:12:31] [DEBUG] [GameManager: 63] nextLevel level=3
[2024-04-06 06:12:31] [DEBUG] [EnemyShip: 23] EnemyShip N=3
[2024-04-06 06:12:31] [DEBUG] [EnemyShip: 23] EnemyShip N=3
[2024-04-06 06:12:31] [DEBUG] [EnemyShip: 23] EnemyShip N=3
[2024-04-06 06:12:31] [DEBUG] [EnemyShipDiagonal: 11] EnemyShipDiagonal N=3
[2024-04-06 06:12:31] [DEBUG] [EnemyShip: 23] EnemyShip N=3
[2024-04-06 06:12:31] [DEBUG] [EnemyShipDiagonal: 11] EnemyShipDiagonal N=3
[2024-04-06 06:12:32] [DEBUG] [EnemyShip: 23] EnemyShip N=3
[2024-04-06 06:12:32] [DEBUG] [EnemyShipDiagonal: 11] EnemyShipDiagonal N=3
[2024-04-06 06:12:32] [DEBUG] [EnemyShip: 23] EnemyShip N=3
[2024-04-06 06:12:32] [DEBUG] [EnemyShipDiagonal: 11] EnemyShipDiagonal N=3
[2024-04-06 06:12:39] [DEBUG] [GameManager:201] updateGame E_APP_LOST enemies=2 shotsDown=6 shotsUp=6
[2024-04-06 06:12:41] [DEBUG] [GameManager: 53] start level=1
[2024-04-06 06:12:41] [DEBUG] [EnemyShip: 23] EnemyShip N=3
[2024-04-06 06:12:45] [DEBUG] [GameManager: 63] nextLevel level=2
[2024-04-06 06:12:45] [DEBUG] [EnemyShip: 23] EnemyShip N=3
[2024-04-06 06:12:45] [DEBUG] [EnemyShip: 23] EnemyShip N=3
[2024-04-06 06:12:45] [DEBUG] [EnemyShip: 23] EnemyShip N=3
[2024-04-06 06:12:45] [DEBUG] [EnemyShip: 23] EnemyShip N=3
[2024-04-06 06:12:45] [DEBUG] [EnemyShip: 23] EnemyShip N=3
[2024-04-06 06:12:45] [DEBUG] [EnemyShip: 23] EnemyShip N=3
[2024-04-06 06:12:45] [DEBUG] [EnemyShip: 23] EnemyShip N=3
[2024-04-06 06:12:45] [DEBUG] [EnemyShip: 23] EnemyShip N=3
[2024-04-06 06:12:45] [DEBUG] [EnemyShip: 23] EnemyShip N=1
[2024-04-06 06:12:45] [DEBUG] [EnemyShipGroup: 18] EnemyShipGroup N=1
[2024-04-06 06:12:58] [DEBUG] [GameManager: 63] nextLevel level=3
[2024-04-06 06:12:58] [DEBUG] [EnemyShip: 23] EnemyShip N=3
[2024-04-06 06:12:58] [DEBUG] [EnemyShip: 23] EnemyShip N=3
[2024-04-06 06:12:58] [DEBUG] [EnemyShip: 23] EnemyShip N=3
[2024-04-06 06:12:58] [DEBUG] [EnemyShipDiagonal: 11] EnemyShipDiagonal N=3
[2024-04-06 06:12:58] [DEBUG] [EnemyShip: 23] EnemyShip N=3
[2024-04-06 06:12:58] [DEBUG] [EnemyShipDiagonal: 11] EnemyShipDiagonal N=3
[2024-04-06 06:12:58] [DEBUG] [EnemyShip: 23] EnemyShip N=3
[2024-04-06 06:12:58] [DEBUG] [EnemyShipDiagonal: 11] EnemyShipDiagonal N=3
[2024-04-06 06:12:58] [DEBUG] [EnemyShip: 23] EnemyShip N=3
[2024-04-06 06:12:58] [DEBUG] [EnemyShipDiagonal: 11] EnemyShipDiagonal N=3
[2024-04-06 06:19:17] [INFO ] [AppInvasoresFx: 52] --------------------------------------------------------------------------------
[2024-04-06 06:19:18] [DEBUG] [GameManager: 53] start level=1
[2024-04-06 06:19:18] [DEBUG] [EnemyShip: 23] EnemyShip N=3
[2024-04-06 06:19:21] [DEBUG] [GameManager: 63] nextLevel level=2
[2024-04-06 06:19:21] [DEBUG] [EnemyShip: 23] EnemyShip N=3
[2024-04-06 06:19:21] [DEBUG] [EnemyShip: 23] EnemyShip N=3
[2024-04-06 06:19:21] [DEBUG] [EnemyShip: 23] EnemyShip N=3
[2024-04-06 06:19:21] [DEBUG] [EnemyShip: 23] EnemyShip N=3
[2024-04-06 06:19:21] [DEBUG] [EnemyShip: 23] EnemyShip N=3
[2024-04-06 06:19:21] [DEBUG] [EnemyShip: 23] EnemyShip N=3
[2024-04-06 06:19:21] [DEBUG] [EnemyShip: 23] EnemyShip N=3
[2024-04-06 06:19:21] [DEBUG] [EnemyShip: 23] EnemyShip N=3
[2024-04-06 06:19:21] [DEBUG] [EnemyShip: 23] EnemyShip N=1
[2024-04-06 06:19:21] [DEBUG] [EnemyShipGroup: 18] EnemyShipGroup N=1
[2024-04-06 06:19:31] [DEBUG] [GameManager: 63] nextLevel level=3
[2024-04-06 06:19:31] [DEBUG] [EnemyShip: 23] EnemyShip N=3
[2024-04-06 06:19:31] [DEBUG] [EnemyShip: 23] EnemyShip N=3
[2024-04-06 06:19:31] [DEBUG] [EnemyShip: 23] EnemyShip N=3
[2024-04-06 06:19:31] [DEBUG] [EnemyShip: 23] EnemyShip N=3
[2024-04-06 06:19:31] [DEBUG] [EnemyShip: 23] EnemyShip N=3
[2024-04-06 06:19:31] [DEBUG] [EnemyShip: 23] EnemyShip N=3
[2024-04-06 06:19:31] [DEBUG] [EnemyShipDiagonal:145] EnemyShipDiagonal N=6
[2024-04-06 06:30:42] [INFO ] [AppInvasoresFx: 52] --------------------------------------------------------------------------------
[2024-04-06 06:30:44] [DEBUG] [GameManager: 53] start level=1
[2024-04-06 06:30:44] [DEBUG] [EnemyShip: 23] EnemyShip N=3
[2024-04-06 06:30:44] [DEBUG] [EnemyShipDiagonal:210] EnemyShip N=1
[2024-04-06 06:30:44] [DEBUG] [EnemyShipDiagonal:211] EnemyShipDiagonal N=0
[2024-04-06 06:30:44] [DEBUG] [EnemyShipDiagonal:212] EnemyShipGroup N=0
[2024-04-06 06:30:44] [DEBUG] [EnemyShipDiagonal:213] EnemyShip N=0
[2024-04-06 06:30:46] [DEBUG] [GameManager: 63] nextLevel level=2
[2024-04-06 06:30:46] [DEBUG] [EnemyShip: 23] EnemyShip N=3
[2024-04-06 06:30:46] [DEBUG] [EnemyShip: 23] EnemyShip N=3
[2024-04-06 06:30:46] [DEBUG] [EnemyShip: 23] EnemyShip N=3
[2024-04-06 06:30:46] [DEBUG] [EnemyShip: 23] EnemyShip N=3
[2024-04-06 06:30:46] [DEBUG] [EnemyShip: 23] EnemyShip N=3
[2024-04-06 06:30:46] [DEBUG] [EnemyShip: 23] EnemyShip N=3
[2024-04-06 06:30:46] [DEBUG] [EnemyShip: 23] EnemyShip N=3
[2024-04-06 06:30:46] [DEBUG] [EnemyShip: 23] EnemyShip N=3
[2024-04-06 06:30:46] [DEBUG] [EnemyShip: 23] EnemyShip N=1
[2024-04-06 06:30:46] [DEBUG] [EnemyShipGroup: 18] EnemyShipGroup N=1
[2024-04-06 06:30:46] [DEBUG] [EnemyShipDiagonal:210] EnemyShip N=5
[2024-04-06 06:30:46] [DEBUG] [EnemyShipDiagonal:211] EnemyShipDiagonal N=0
[2024-04-06 06:30:46] [DEBUG] [EnemyShipDiagonal:212] EnemyShipGroup N=1
[2024-04-06 06:30:46] [DEBUG] [EnemyShipDiagonal:213] EnemyShip N=0
[2024-04-06 06:31:42] [INFO ] [AppInvasoresFx: 52] --------------------------------------------------------------------------------
[2024-04-06 06:31:43] [DEBUG] [GameManager: 53] start level=1
[2024-04-06 06:31:43] [DEBUG] [EnemyShipDiagonal:210] EnemyShip N=1
[2024-04-06 06:31:43] [DEBUG] [EnemyShipDiagonal:211] EnemyShipDiagonal N=0
[2024-04-06 06:31:43] [DEBUG] [EnemyShipDiagonal:212] EnemyShipGroup N=0
[2024-04-06 06:31:43] [DEBUG] [EnemyShipDiagonal:213] EnemyShip N=0
[2024-04-06 06:31:46] [DEBUG] [GameManager: 63] nextLevel level=2
[2024-04-06 06:31:46] [DEBUG] [EnemyShipDiagonal:210] EnemyShip N=5
[2024-04-06 06:31:46] [DEBUG] [EnemyShipDiagonal:211] EnemyShipDiagonal N=0
[2024-04-06 06:31:46] [DEBUG] [EnemyShipDiagonal:212] EnemyShipGroup N=1
[2024-04-06 06:31:46] [DEBUG] [EnemyShipDiagonal:213] EnemyShip N=0
[2024-04-06 06:31:59] [DEBUG] [GameManager:203] updateGame E_APP_ONELESSLIFE enemies=1 shotsDown=4 shotsUp=4
[2024-04-06 06:31:59] [DEBUG] [GameManager: 71] sameLevel level=2
[2024-04-06 06:32:03] [DEBUG] [GameManager: 63] nextLevel level=3
[2024-04-06 06:32:03] [DEBUG] [EnemyShipDiagonal:210] EnemyShip N=6
[2024-04-06 06:32:03] [DEBUG] [EnemyShipDiagonal:211] EnemyShipDiagonal N=4
[2024-04-06 06:32:03] [DEBUG] [EnemyShipDiagonal:212] EnemyShipGroup N=0
[2024-04-06 06:32:03] [DEBUG] [EnemyShipDiagonal:213] EnemyShip N=0
[2024-04-06 06:32:11] [DEBUG] [GameManager: 63] nextLevel level=4
[2024-04-06 06:32:11] [DEBUG] [EnemyShipDiagonal:210] EnemyShip N=16
[2024-04-06 06:32:11] [DEBUG] [EnemyShipDiagonal:211] EnemyShipDiagonal N=2
[2024-04-06 06:32:11] [DEBUG] [EnemyShipDiagonal:212] EnemyShipGroup N=0
[2024-04-06 06:32:11] [DEBUG] [EnemyShipDiagonal:213] EnemyShip N=0
[2024-04-06 06:32:21] [DEBUG] [GameManager:203] updateGame E_APP_ONELESSLIFE enemies=4 shotsDown=8 shotsUp=7
[2024-04-06 06:32:21] [DEBUG] [GameManager: 71] sameLevel level=4
[2024-04-06 06:32:26] [DEBUG] [GameManager: 63] nextLevel level=5
[2024-04-06 06:32:26] [DEBUG] [EnemyShipDiagonal:210] EnemyShip N=1
[2024-04-06 06:32:26] [DEBUG] [EnemyShipDiagonal:211] EnemyShipDiagonal N=0
[2024-04-06 06:32:26] [DEBUG] [EnemyShipDiagonal:212] EnemyShipGroup N=0
[2024-04-06 06:32:26] [DEBUG] [EnemyShipDiagonal:213] EnemyShip N=0
[2024-04-06 06:37:40] [INFO ] [AppInvasoresFx: 52] --------------------------------------------------------------------------------
[2024-04-06 06:37:42] [DEBUG] [GameManager: 53] start level=1
[2024-04-06 06:37:42] [DEBUG] [EnemyShip:214] EnemyShip N=1
[2024-04-06 06:37:44] [DEBUG] [GameManager: 63] nextLevel level=2
[2024-04-06 06:37:44] [DEBUG] [EnemyShip:214] EnemyShip N=5
[2024-04-06 06:37:44] [DEBUG] [EnemyShipGroup:216] EnemyShipGroup N=1
[2024-04-06 06:51:55] [INFO ] [AppInvasoresFx: 52] --------------------------------------------------------------------------------
[2024-04-06 06:52:01] [DEBUG] [GameManager: 53] start level=1
[2024-04-06 06:52:01] [DEBUG] [EnemyShip:214] Cantidad de EnemyShip N= 1
[2024-04-06 06:52:04] [DEBUG] [GameManager: 63] nextLevel level=2
[2024-04-06 06:52:04] [DEBUG] [EnemyShip:214] Cantidad de EnemyShip N= 5
[2024-04-06 06:52:04] [DEBUG] [EnemyShipGroup:216] Cantidad de EnemyShipGroup(grupo de enemigos) N= 1
[2024-04-06 06:52:16] [DEBUG] [GameManager:203] updateGame E_APP_ONELESSLIFE enemies=0 shotsDown=2 shotsUp=2
[2024-04-06 06:52:17] [DEBUG] [GameManager: 71] sameLevel level=2
[2024-04-06 06:52:17] [DEBUG] [GameManager: 63] nextLevel level=3
[2024-04-06 06:52:17] [DEBUG] [EnemyShip:214] Cantidad de EnemyShip N= 6
[2024-04-06 06:52:17] [DEBUG] [EnemyShipDiagonal:215] Cantidad de EnemyShipDiagonal N= 4
[2024-04-06 06:52:25] [DEBUG] [GameManager: 63] nextLevel level=4
[2024-04-06 06:52:25] [DEBUG] [EnemyShip:214] Cantidad de EnemyShip N= 16
[2024-04-06 06:52:25] [DEBUG] [EnemyShipDiagonal:215] Cantidad de EnemyShipDiagonal N= 2
[2024-04-06 06:52:31] [DEBUG] [GameManager:203] updateGame E_APP_ONELESSLIFE enemies=5 shotsDown=7 shotsUp=7
[2024-04-06 06:52:32] [DEBUG] [GameManager: 71] sameLevel level=4
[2024-04-06 06:52:37] [DEBUG] [GameManager:201] updateGame E_APP_LOST enemies=0 shotsDown=1 shotsUp=6
[2024-04-06 06:52:42] [DEBUG] [GameManager: 53] start level=1
[2024-04-06 06:52:42] [DEBUG] [EnemyShip:214] Cantidad de EnemyShip N= 1
[2024-04-06 06:55:59] [INFO ] [AppInvasoresFx: 52] --------------------------------------------------------------------------------
[2024-04-06 06:56:00] [DEBUG] [GameManager: 53] start level=1
[2024-04-06 06:56:00] [DEBUG] [EnemyShip:215] Cantidad de EnemyShip N= 1
[2024-04-06 06:56:03] [DEBUG] [GameManager: 63] nextLevel level=2
[2024-04-06 06:56:03] [DEBUG] [EnemyShip:215] Cantidad de EnemyShip N= 5
[2024-04-06 06:56:03] [DEBUG] [EnemyShipGroup:217] Cantidad de EnemyShipGroup (Grupo de enemigos) N= com.aetxabao.invasoresfx.sprite.EnemyShip@6aea6987
[2024-04-06 07:51:16] [INFO ] [AppInvasoresFx: 52] --------------------------------------------------------------------------------
[2024-04-06 07:51:18] [DEBUG] [GameManager: 53] start level=1
[2024-04-06 07:51:18] [DEBUG] [EnemigoNuevo:236] Cantidad de EnemigoNuevo N= 1
[2024-04-06 07:51:24] [DEBUG] [GameManager:203] updateGame E_APP_ONELESSLIFE enemies=1 shotsDown=7 shotsUp=7
[2024-04-06 07:51:24] [DEBUG] [GameManager: 71] sameLevel level=1
[2024-04-06 07:51:25] [DEBUG] [GameManager: 63] nextLevel level=2
[2024-04-06 07:51:25] [DEBUG] [EnemyShip:233] Cantidad de EnemyShip N= 5
[2024-04-06 07:51:25] [DEBUG] [EnemyShipGroup:235] Cantidad de EnemyShipGroup (Grupo de enemigos) N= 1
[2024-04-06 07:51:39] [INFO ] [AppInvasoresFx: 52] --------------------------------------------------------------------------------
[2024-04-06 07:51:40] [DEBUG] [GameManager: 53] start level=1
[2024-04-06 07:51:40] [DEBUG] [EnemigoNuevo:236] Cantidad de EnemigoNuevo N= 1
[2024-04-06 07:51:46] [DEBUG] [GameManager:203] updateGame E_APP_ONELESSLIFE enemies=1 shotsDown=2 shotsUp=2
[2024-04-06 07:51:46] [DEBUG] [GameManager: 71] sameLevel level=1
[2024-04-06 07:52:54] [INFO ] [AppInvasoresFx: 52] --------------------------------------------------------------------------------
[2024-04-06 07:52:55] [DEBUG] [GameManager: 53] start level=1
[2024-04-06 07:52:55] [DEBUG] [EnemigoNuevo:236] Cantidad de EnemigoNuevo N= 1
[2024-04-06 07:53:01] [DEBUG] [GameManager:203] updateGame E_APP_ONELESSLIFE enemies=1 shotsDown=6 shotsUp=6
[2024-04-06 07:53:02] [DEBUG] [GameManager: 71] sameLevel level=1
[2024-04-06 07:53:03] [DEBUG] [GameManager: 63] nextLevel level=2
[2024-04-06 07:53:03] [DEBUG] [EnemyShip:233] Cantidad de EnemyShip N= 5
[2024-04-06 07:53:03] [DEBUG] [EnemyShipGroup:235] Cantidad de EnemyShipGroup (Grupo de enemigos) N= 1
[2024-04-06 07:53:29] [INFO ] [AppInvasoresFx: 52] --------------------------------------------------------------------------------
[2024-04-06 07:53:30] [DEBUG] [GameManager: 53] start level=1
[2024-04-06 07:53:30] [DEBUG] [EnemigoNuevo:236] Cantidad de EnemigoNuevo N= 1
[2024-04-06 07:53:34] [DEBUG] [GameManager:203] updateGame E_APP_ONELESSLIFE enemies=1 shotsDown=6 shotsUp=5
[2024-04-06 07:53:34] [DEBUG] [GameManager: 71] sameLevel level=1
[2024-04-06 07:53:51] [INFO ] [AppInvasoresFx: 52] --------------------------------------------------------------------------------
[2024-04-06 07:53:52] [DEBUG] [GameManager: 53] start level=1
[2024-04-06 07:53:52] [DEBUG] [EnemigoNuevo:236] Cantidad de EnemigoNuevo N= 1
[2024-04-06 07:53:58] [DEBUG] [GameManager:203] updateGame E_APP_ONELESSLIFE enemies=1 shotsDown=3 shotsUp=3
[2024-04-06 07:58:19] [INFO ] [AppInvasoresFx: 52] --------------------------------------------------------------------------------
[2024-04-06 07:58:20] [DEBUG] [GameManager: 53] start level=1
[2024-04-06 07:58:20] [DEBUG] [EnemigoNuevo:236] Cantidad de EnemigoNuevo N= 1
[2024-04-06 07:58:26] [DEBUG] [GameManager:203] updateGame E_APP_ONELESSLIFE enemies=1 shotsDown=3 shotsUp=3
[2024-04-06 07:58:29] [DEBUG] [GameManager: 71] sameLevel level=1
[2024-04-06 07:58:46] [INFO ] [AppInvasoresFx: 52] --------------------------------------------------------------------------------
[2024-04-06 07:58:47] [DEBUG] [GameManager: 53] start level=1
[2024-04-06 07:58:47] [DEBUG] [EnemigoNuevo:236] Cantidad de EnemigoNuevo N= 1
[2024-04-06 07:59:26] [INFO ] [AppInvasoresFx: 52] --------------------------------------------------------------------------------
[2024-04-06 07:59:27] [DEBUG] [GameManager: 53] start level=1
[2024-04-06 07:59:27] [DEBUG] [EnemigoNuevo:236] Cantidad de EnemigoNuevo N= 1
[2024-04-06 07:59:33] [DEBUG] [GameManager:203] updateGame E_APP_ONELESSLIFE enemies=1 shotsDown=3 shotsUp=3
[2024-04-06 08:00:06] [INFO ] [AppInvasoresFx: 52] --------------------------------------------------------------------------------
[2024-04-06 08:00:07] [DEBUG] [GameManager: 53] start level=1
[2024-04-06 08:00:07] [DEBUG] [EnemigoNuevo:236] Cantidad de EnemigoNuevo N= 1
[2024-04-06 08:04:45] [INFO ] [AppInvasoresFx: 52] --------------------------------------------------------------------------------
[2024-04-06 08:04:46] [DEBUG] [GameManager: 53] start level=1
[2024-04-06 08:04:46] [DEBUG] [EnemyBarrier:236] Cantidad de EnemigoNuevo N= 1
[2024-04-06 08:05:43] [INFO ] [AppInvasoresFx: 52] --------------------------------------------------------------------------------
[2024-04-06 08:05:44] [DEBUG] [GameManager: 53] start level=1
[2024-04-06 08:05:44] [DEBUG] [EnemyBarrier:236] Cantidad de EnemigoNuevo N= 1
[2024-04-06 08:05:46] [DEBUG] [GameManager: 63] nextLevel level=2
[2024-04-06 08:05:46] [DEBUG] [EnemyShip:233] Cantidad de EnemyShip N= 5
[2024-04-06 08:05:46] [DEBUG] [EnemyShipGroup:235] Cantidad de EnemyShipGroup (Grupo de enemigos) N= 1
[2024-04-06 08:08:08] [INFO ] [AppInvasoresFx: 52] --------------------------------------------------------------------------------
[2024-04-06 08:08:09] [DEBUG] [GameManager: 53] start level=1
[2024-04-06 08:08:09] [DEBUG] [EnemyBarrier:236] Cantidad de EnemigoNuevo N= 1
[2024-04-06 08:08:12] [DEBUG] [GameManager: 63] nextLevel level=2
[2024-04-06 08:08:12] [DEBUG] [EnemyShip:233] Cantidad de EnemyShip N= 5
[2024-04-06 08:08:12] [DEBUG] [EnemyShipGroup:235] Cantidad de EnemyShipGroup (Grupo de enemigos) N= 1
[2024-04-06 08:08:19] [INFO ] [AppInvasoresFx: 52] --------------------------------------------------------------------------------
[2024-04-06 08:08:20] [DEBUG] [GameManager: 53] start level=1
[2024-04-06 08:08:20] [DEBUG] [EnemyBarrier:236] Cantidad de EnemigoNuevo N= 1
[2024-04-06 08:08:23] [DEBUG] [GameManager: 63] nextLevel level=2
[2024-04-06 08:08:23] [DEBUG] [EnemyShip:233] Cantidad de EnemyShip N= 5
[2024-04-06 08:08:23] [DEBUG] [EnemyShipGroup:235] Cantidad de EnemyShipGroup (Grupo de enemigos) N= 1
[2024-04-06 08:08:30] [DEBUG] [GameManager: 63] nextLevel level=3
[2024-04-06 08:08:30] [DEBUG] [EnemyShip:233] Cantidad de EnemyShip N= 6
[2024-04-06 08:08:30] [DEBUG] [EnemyShipDiagonal:234] Cantidad de EnemyShipDiagonal N= 4
[2024-04-06 08:20:03] [INFO ] [AppInvasoresFx: 52] --------------------------------------------------------------------------------
[2024-04-06 08:20:04] [DEBUG] [GameManager: 53] start level=1
[2024-04-06 08:20:04] [DEBUG] [EnemyBarrier:236] Cantidad de EnemigoNuevo N= 1
[2024-04-06 08:29:21] [INFO ] [AppInvasoresFx: 52] --------------------------------------------------------------------------------
[2024-04-06 08:29:22] [DEBUG] [GameManager: 53] start level=1
[2024-04-06 08:29:22] [DEBUG] [EnemyBarrier:236] Cantidad de EnemigoNuevo N= 1
[2024-04-06 08:29:46] [INFO ] [AppInvasoresFx: 52] --------------------------------------------------------------------------------
[2024-04-06 08:29:49] [DEBUG] [GameManager: 53] start level=1
[2024-04-06 08:29:49] [DEBUG] [EnemyBarrier:236] Cantidad de EnemigoNuevo N= 1
[2024-04-06 08:30:14] [INFO ] [AppInvasoresFx: 52] --------------------------------------------------------------------------------
[2024-04-06 08:30:17] [DEBUG] [GameManager: 53] start level=1
[2024-04-06 08:30:17] [DEBUG] [EnemyBarrier:236] Cantidad de EnemigoNuevo N= 1
[2024-04-06 08:31:46] [INFO ] [AppInvasoresFx: 52] --------------------------------------------------------------------------------
[2024-04-06 08:31:47] [DEBUG] [GameManager: 53] start level=1
[2024-04-06 08:31:47] [DEBUG] [EnemyBarrier:236] Cantidad de EnemigoNuevo N= 1
[2024-04-06 08:31:50] [DEBUG] [GameManager: 63] nextLevel level=2
[2024-04-06 08:31:50] [DEBUG] [EnemyShip:233] Cantidad de EnemyShip N= 5
[2024-04-06 08:31:50] [DEBUG] [EnemyShipGroup:235] Cantidad de EnemyShipGroup (Grupo de enemigos) N= 1
[2024-04-06 08:32:05] [INFO ] [AppInvasoresFx: 52] --------------------------------------------------------------------------------
[2024-04-06 08:32:06] [DEBUG] [GameManager: 53] start level=1
[2024-04-06 08:32:06] [DEBUG] [EnemyBarrier:236] Cantidad de EnemigoNuevo N= 1
[2024-04-06 08:35:17] [INFO ] [AppInvasoresFx: 52] --------------------------------------------------------------------------------
[2024-04-06 08:35:18] [DEBUG] [GameManager: 53] start level=1
[2024-04-06 08:35:18] [DEBUG] [EnemyBarrier:236] Cantidad de EnemigoNuevo N= 1
[2024-04-06 08:35:21] [DEBUG] [GameManager:206] updateGame E_APP_ONELESSLIFE enemies=1 shotsDown=6 shotsUp=5
[2024-04-06 08:47:28] [INFO ] [AppInvasoresFx: 52] --------------------------------------------------------------------------------
[2024-04-06 08:47:29] [DEBUG] [GameManager: 53] start level=1
[2024-04-06 08:47:29] [DEBUG] [EnemyBarrier:236] Cantidad de EnemigoNuevo N= 1
[2024-04-06 08:47:32] [DEBUG] [GameManager: 63] nextLevel level=2
[2024-04-06 08:47:32] [DEBUG] [EnemyShip:233] Cantidad de EnemyShip N= 5
[2024-04-06 08:47:32] [DEBUG] [EnemyShipGroup:235] Cantidad de EnemyShipGroup (Grupo de enemigos) N= 1
[2024-04-06 08:47:52] [INFO ] [AppInvasoresFx: 52] --------------------------------------------------------------------------------
[2024-04-06 08:47:54] [DEBUG] [GameManager: 53] start level=1
[2024-04-06 08:47:54] [DEBUG] [EnemyBarrier:236] Cantidad de EnemigoNuevo N= 1
[2024-04-06 08:47:58] [DEBUG] [GameManager: 63] nextLevel level=2
[2024-04-06 08:47:58] [DEBUG] [EnemyShip:233] Cantidad de EnemyShip N= 5
[2024-04-06 08:47:58] [DEBUG] [EnemyShipGroup:235] Cantidad de EnemyShipGroup (Grupo de enemigos) N= 1
[2024-04-06 08:49:22] [INFO ] [AppInvasoresFx: 52] --------------------------------------------------------------------------------
[2024-04-06 08:49:23] [DEBUG] [GameManager: 53] start level=1
[2024-04-06 08:49:23] [DEBUG] [EnemyBarrier:236] Cantidad de EnemigoNuevo N= 1
[2024-04-06 08:49:27] [DEBUG] [GameManager:206] updateGame E_APP_ONELESSLIFE enemies=1 shotsDown=3 shotsUp=3
[2024-04-06 08:49:45] [INFO ] [AppInvasoresFx: 52] --------------------------------------------------------------------------------
[2024-04-06 08:49:46] [DEBUG] [GameManager: 53] start level=1
[2024-04-06 08:49:46] [DEBUG] [EnemyBarrier:236] Cantidad de EnemigoNuevo N= 1
[2024-04-06 08:49:49] [DEBUG] [GameManager: 63] nextLevel level=2
[2024-04-06 08:49:49] [DEBUG] [EnemyShip:233] Cantidad de EnemyShip N= 5
[2024-04-06 08:49:49] [DEBUG] [EnemyShipGroup:235] Cantidad de EnemyShipGroup (Grupo de enemigos) N= 1
[2024-04-06 08:49:49] [DEBUG] [GameManager:206] updateGame E_APP_ONELESSLIFE enemies=3 shotsDown=1 shotsUp=0
[2024-04-06 08:49:50] [DEBUG] [GameManager: 71] sameLevel level=2
[2024-04-06 08:49:55] [DEBUG] [GameManager: 63] nextLevel level=3
[2024-04-06 08:49:55] [DEBUG] [EnemyShip:233] Cantidad de EnemyShip N= 6
[2024-04-06 08:49:55] [DEBUG] [EnemyShipDiagonal:234] Cantidad de EnemyShipDiagonal N= 4
[2024-04-06 08:50:00] [DEBUG] [GameManager: 63] nextLevel level=4
[2024-04-06 08:50:00] [DEBUG] [EnemyShip:233] Cantidad de EnemyShip N= 16
[2024-04-06 08:50:00] [DEBUG] [EnemyShipDiagonal:234] Cantidad de EnemyShipDiagonal N= 2
[2024-04-06 08:51:17] [INFO ] [AppInvasoresFx: 52] --------------------------------------------------------------------------------
[2024-04-06 08:51:18] [DEBUG] [GameManager: 53] start level=1
[2024-04-06 08:51:18] [DEBUG] [EnemyBarrier:236] Cantidad de EnemigoNuevo N= 1
[2024-04-06 08:51:21] [DEBUG] [GameManager: 63] nextLevel level=2
[2024-04-06 08:51:21] [DEBUG] [EnemyShip:233] Cantidad de EnemyShip N= 5
[2024-04-06 08:51:21] [DEBUG] [EnemyShipGroup:235] Cantidad de EnemyShipGroup (Grupo de enemigos) N= 1
[2024-04-06 08:51:31] [DEBUG] [GameManager: 63] nextLevel level=3
[2024-04-06 08:51:31] [DEBUG] [EnemyShip:233] Cantidad de EnemyShip N= 6
[2024-04-06 08:51:31] [DEBUG] [EnemyShipDiagonal:234] Cantidad de EnemyShipDiagonal N= 4
[2024-04-06 08:51:44] [DEBUG] [GameManager: 63] nextLevel level=4
[2024-04-06 08:51:44] [DEBUG] [EnemyShip:233] Cantidad de EnemyShip N= 16
[2024-04-06 08:51:44] [DEBUG] [EnemyShipDiagonal:234] Cantidad de EnemyShipDiagonal N= 2
[2024-04-06 08:51:47] [DEBUG] [GameManager:206] updateGame E_APP_ONELESSLIFE enemies=12 shotsDown=5 shotsUp=5
[2024-04-06 08:51:56] [INFO ] [AppInvasoresFx: 52] --------------------------------------------------------------------------------
[2024-04-06 08:51:57] [DEBUG] [GameManager: 53] start level=1
[2024-04-06 08:51:57] [DEBUG] [EnemyBarrier:236] Cantidad de EnemigoNuevo N= 1
[2024-04-06 08:52:00] [DEBUG] [GameManager: 63] nextLevel level=2
[2024-04-06 08:52:00] [DEBUG] [EnemyShip:233] Cantidad de EnemyShip N= 5
[2024-04-06 08:52:00] [DEBUG] [EnemyShipGroup:235] Cantidad de EnemyShipGroup (Grupo de enemigos) N= 1
[2024-04-06 08:53:36] [INFO ] [AppInvasoresFx: 52] --------------------------------------------------------------------------------
[2024-04-06 08:53:37] [DEBUG] [GameManager: 53] start level=1
[2024-04-06 08:53:37] [DEBUG] [EnemyBarrier:236] Cantidad de EnemigoNuevo N= 1
[2024-04-06 08:53:42] [DEBUG] [GameManager: 63] nextLevel level=2
[2024-04-06 08:53:42] [DEBUG] [EnemyShip:233] Cantidad de EnemyShip N= 5
[2024-04-06 08:53:42] [DEBUG] [EnemyShipGroup:235] Cantidad de EnemyShipGroup (Grupo de enemigos) N= 1
[2024-04-06 08:53:59] [INFO ] [AppInvasoresFx: 52] --------------------------------------------------------------------------------
[2024-04-06 08:54:00] [DEBUG] [GameManager: 53] start level=1
[2024-04-06 08:54:00] [DEBUG] [EnemyBarrier:236] Cantidad de EnemigoNuevo N= 1
